<?xml version="1.0" encoding="UTF-8"?>
<!-- Generated by org.testng.reporters.JUnitReportReporter -->
<testsuite hostname="t-int-1607-w06" failures="0" tests="2" name="com.test.deckopay.DeckopayTest.DeckopayLogin" time="4.034" errors="0" timestamp="2020-07-20T16:29:49 BST" skipped="0">
  <testcase classname="com.test.deckopay.DeckopayTest.DeckopayLogin" name="failedlogin" time="2.929"/>
  <system-out/>
  <testcase classname="com.test.deckopay.DeckopayTest.DeckopayLogin" name="loginTest" time="1.105"/>
  <system-out/>
</testsuite> <!-- com.test.deckopay.DeckopayTest.DeckopayLogin -->
