<?xml version="1.0" encoding="UTF-8"?>
<!-- Generated by org.testng.reporters.JUnitReportReporter -->
<testsuite hostname="t-int-1607-w06" failures="0" tests="2" name="com.test.deckopay.DeckopayTest.DeckopayLogin" time="12.420" errors="0" timestamp="2020-07-20T16:14:38 BST" skipped="0">
  <testcase classname="com.test.deckopay.DeckopayTest.DeckopayLogin" name="failedlogin" time="8.959"/>
  <system-out/>
  <testcase classname="com.test.deckopay.DeckopayTest.DeckopayLogin" name="loginTest" time="3.461"/>
  <system-out/>
</testsuite> <!-- com.test.deckopay.DeckopayTest.DeckopayLogin -->
