<?xml version="1.0" encoding="UTF-8"?>
<!-- Generated by org.testng.reporters.JUnitReportReporter -->
<testsuite hostname="t-int-1607-w06" failures="0" tests="1" name="com.test.deckopay.DeckopayTest.DeckopayLogin" time="6.917" errors="0" timestamp="2020-07-20T13:16:55 BST" skipped="0">
  <testcase classname="com.test.deckopay.DeckopayTest.DeckopayLogin" name="loginTest" time="6.917"/>
  <system-out/>
</testsuite> <!-- com.test.deckopay.DeckopayTest.DeckopayLogin -->
